2026-02-11T18:31:16.2089445Z Current runner version: '2.331.0'
2026-02-11T18:31:16.2113414Z ##[group]Runner Image Provisioner
2026-02-11T18:31:16.2114320Z Hosted Compute Agent
2026-02-11T18:31:16.2114950Z Version: 20260123.484
2026-02-11T18:31:16.2115531Z Commit: 6bd6555ca37d84114959e1c76d2c01448ff61c5d
2026-02-11T18:31:16.2116212Z Build Date: 2026-01-23T19:41:17Z
2026-02-11T18:31:16.2116795Z Worker ID: {a32c871f-52cd-4497-b62a-4b04a85a1360}
2026-02-11T18:31:16.2117527Z Azure Region: westus
2026-02-11T18:31:16.2118050Z ##[endgroup]
2026-02-11T18:31:16.2119426Z ##[group]Operating System
2026-02-11T18:31:16.2120165Z Ubuntu
2026-02-11T18:31:16.2120717Z 24.04.3
2026-02-11T18:31:16.2121138Z LTS
2026-02-11T18:31:16.2121617Z ##[endgroup]
2026-02-11T18:31:16.2122453Z ##[group]Runner Image
2026-02-11T18:31:16.2123002Z Image: ubuntu-24.04
2026-02-11T18:31:16.2123573Z Version: 20260201.15.1
2026-02-11T18:31:16.2124701Z Included Software: https://github.com/actions/runner-images/blob/ubuntu24/20260201.15/images/ubuntu/Ubuntu2404-Readme.md
2026-02-11T18:31:16.2126225Z Image Release: https://github.com/actions/runner-images/releases/tag/ubuntu24%2F20260201.15
2026-02-11T18:31:16.2127080Z ##[endgroup]
2026-02-11T18:31:16.2128136Z ##[group]GITHUB_TOKEN Permissions
2026-02-11T18:31:16.2130142Z Contents: read
2026-02-11T18:31:16.2130654Z Metadata: read
2026-02-11T18:31:16.2131210Z Pages: write
2026-02-11T18:31:16.2131706Z ##[endgroup]
2026-02-11T18:31:16.2133887Z Secret source: Actions
2026-02-11T18:31:16.2134690Z Prepare workflow directory
2026-02-11T18:31:16.2449343Z Prepare all required actions
2026-02-11T18:31:16.2580994Z Complete job name: report-build-status
2026-02-11T18:31:17.0046602Z ##[group]Run gh api -X POST "repos/$GITHUB_REPOSITORY/pages/telemetry" \
2026-02-11T18:31:17.0047673Z [36;1mgh api -X POST "repos/$GITHUB_REPOSITORY/pages/telemetry" \[0m
2026-02-11T18:31:17.0048578Z [36;1m  -F github_run_id="$GITHUB_RUN_ID" \[0m
2026-02-11T18:31:17.0049210Z [36;1m  -F conclusion="$CONCLUSION"[0m
2026-02-11T18:31:17.0678658Z shell: /usr/bin/bash -e {0}
2026-02-11T18:31:17.0679764Z env:
2026-02-11T18:31:17.0680577Z   GITHUB_TOKEN: ***
2026-02-11T18:31:17.0681158Z   CONCLUSION: success
2026-02-11T18:31:17.0681781Z ##[endgroup]
2026-02-11T18:31:17.6515867Z {}
2026-02-11T18:31:17.6613448Z Cleaning up orphan processes