2026-02-11T18:31:16.1628612Z Current runner version: '2.331.0'
2026-02-11T18:31:16.1651709Z ##[group]Runner Image Provisioner
2026-02-11T18:31:16.1652474Z Hosted Compute Agent
2026-02-11T18:31:16.1653149Z Version: 20260123.484
2026-02-11T18:31:16.1653701Z Commit: 6bd6555ca37d84114959e1c76d2c01448ff61c5d
2026-02-11T18:31:16.1654372Z Build Date: 2026-01-23T19:41:17Z
2026-02-11T18:31:16.1655061Z Worker ID: {ee5efdea-0403-4bef-90fd-155906a1652f}
2026-02-11T18:31:16.1655783Z Azure Region: eastus
2026-02-11T18:31:16.1656264Z ##[endgroup]
2026-02-11T18:31:16.1657994Z ##[group]Operating System
2026-02-11T18:31:16.1658608Z Ubuntu
2026-02-11T18:31:16.1659021Z 24.04.3
2026-02-11T18:31:16.1659586Z LTS
2026-02-11T18:31:16.1660058Z ##[endgroup]
2026-02-11T18:31:16.1660557Z ##[group]Runner Image
2026-02-11T18:31:16.1661136Z Image: ubuntu-24.04
2026-02-11T18:31:16.1661653Z Version: 20260201.15.1
2026-02-11T18:31:16.1662841Z Included Software: https://github.com/actions/runner-images/blob/ubuntu24/20260201.15/images/ubuntu/Ubuntu2404-Readme.md
2026-02-11T18:31:16.1664296Z Image Release: https://github.com/actions/runner-images/releases/tag/ubuntu24%2F20260201.15
2026-02-11T18:31:16.1665224Z ##[endgroup]
2026-02-11T18:31:16.1666279Z ##[group]GITHUB_TOKEN Permissions
2026-02-11T18:31:16.1668441Z Contents: read
2026-02-11T18:31:16.1669060Z Metadata: read
2026-02-11T18:31:16.1669573Z Pages: write
2026-02-11T18:31:16.1670049Z ##[endgroup]
2026-02-11T18:31:16.1672016Z Secret source: Actions
2026-02-11T18:31:16.1672708Z Prepare workflow directory
2026-02-11T18:31:16.1991644Z Prepare all required actions
2026-02-11T18:31:16.2029258Z Getting action download info
2026-02-11T18:31:16.5218087Z Download action repository 'actions/deploy-pages@v4' (SHA:d6db90164ac5ed86f2b6aed7e0febac5b3c0c03e)
2026-02-11T18:31:16.9204578Z Complete job name: deploy
2026-02-11T18:31:16.9914824Z ##[group]Run actions/deploy-pages@v4
2026-02-11T18:31:16.9915715Z with:
2026-02-11T18:31:16.9916255Z   token: ***
2026-02-11T18:31:16.9916639Z   timeout: 600000
2026-02-11T18:31:16.9917021Z   error_count: 10
2026-02-11T18:31:16.9918030Z   reporting_interval: 5000
2026-02-11T18:31:16.9918516Z   artifact_name: github-pages
2026-02-11T18:31:16.9918992Z   preview: false
2026-02-11T18:31:16.9919684Z ##[endgroup]
2026-02-11T18:31:17.3322471Z Fetching artifact metadata for "github-pages" in this workflow run
2026-02-11T18:31:17.4355139Z Found 1 artifact(s)
2026-02-11T18:31:17.4368008Z Creating Pages deployment with payload:
2026-02-11T18:31:17.4369003Z {
2026-02-11T18:31:17.4369663Z 	"artifact_id": 5470550552,
2026-02-11T18:31:17.4370767Z 	"pages_build_version": "cb9865f9bf76662f84a0dd2df30212578b7e75c1",
2026-02-11T18:31:17.4414167Z 	"oidc_token": "***"
2026-02-11T18:31:17.4414605Z }
2026-02-11T18:31:17.8002710Z Created deployment for cb9865f9bf76662f84a0dd2df30212578b7e75c1, ID: cb9865f9bf76662f84a0dd2df30212578b7e75c1
2026-02-11T18:31:22.8025955Z Getting Pages deployment status...
2026-02-11T18:31:22.8977021Z Reported success!
2026-02-11T18:31:22.9211164Z Evaluate and set environment url
2026-02-11T18:31:22.9215063Z Evaluated environment url: https://strata.ducatillon.net/
2026-02-11T18:31:22.9216074Z Cleaning up orphan processes